<?xml version="1.0" encoding="UTF-8"?>
<testng-results skipped="0" failed="0" total="1" passed="1">
  <reporter-output>
  </reporter-output>
  <suite name="Suite" duration-ms="59215" started-at="2020-05-05T16:33:12Z" finished-at="2020-05-05T16:34:11Z">
    <groups>
    </groups>
    <test name="Test" duration-ms="59215" started-at="2020-05-05T16:33:12Z" finished-at="2020-05-05T16:34:11Z">
      <class name="demojenkins.DemoJenkinsJobs">
        <test-method status="PASS" signature="testJenkins()[pri:0, instance:demojenkins.DemoJenkinsJobs@675d3402]" name="testJenkins" duration-ms="59122" started-at="2020-05-05T22:03:12Z" finished-at="2020-05-05T22:04:11Z">
          <reporter-output>
          </reporter-output>
        </test-method> <!-- testJenkins -->
      </class> <!-- demojenkins.DemoJenkinsJobs -->
    </test> <!-- Test -->
  </suite> <!-- Suite -->
</testng-results>
